<?xml version="1.0" encoding="UTF-8"?>
<!-- Generated by org.testng.reporters.JUnitReportReporter -->
<testsuite hostname="DESKTOP-2H052U4" failures="0" tests="1" name="Phase3.EndtoEnd_Test" time="9.693" errors="0" timestamp="11 Dec 2022 18:05:24 GMT" skipped="0">
  <testcase classname="Phase3.EndtoEnd_Test" name="test1" time="9.693"/>
</testsuite> <!-- Phase3.EndtoEnd_Test -->
